<?xml version="1.0" encoding="UTF-8"?>
<testsuite name="mytest.Hari" tests="1" skipped="0" failures="0" errors="0" timestamp="2018-05-23T11:54:10" hostname="hkaur7-qa" time="10.499">
  <properties/>
  <testcase name="testSomeLibraryMethod_33" classname="mytest.Hari" time="10.499"/>
  <system-out><![CDATA[***********************Hello Harinder_3*********************
Google chrome selected
]]></system-out>
  <system-err><![CDATA[Starting ChromeDriver 2.25.426923 (0390b88869384d6eb0d5d09729679f934aab9eed) on port 11787
Only local connections are allowed.
May 23, 2018 5:24:14 PM org.openqa.selenium.remote.ProtocolHandshake createSession
INFO: Detected dialect: OSS
]]></system-err>
</testsuite>
